<?xml version="1.0" encoding="UTF-8"?>
<testsuite name="chapter_2_.FilterScratchTest" tests="1" skipped="0" failures="0" errors="0" timestamp="2018-02-08T18:59:53" hostname="wstevens.macbook.dc.gap.com" time="0.0">
  <properties/>
  <testcase name="itShouldValidateFilter" classname="chapter_2_.FilterScratchTest" time="0.0"/>
  <system-out><![CDATA[]]></system-out>
  <system-err><![CDATA[]]></system-err>
</testsuite>
