<?xml version="1.0" encoding="UTF-8"?>
<testsuite name="chapter_3.Quiz3_6Test" tests="1" skipped="0" failures="0" errors="0" timestamp="2018-02-08T18:59:53" hostname="wstevens.macbook.dc.gap.com" time="0.003">
  <properties/>
  <testcase name="itShouldValidateMethodLambdas" classname="chapter_3.Quiz3_6Test" time="0.003"/>
  <system-out><![CDATA[]]></system-out>
  <system-err><![CDATA[]]></system-err>
</testsuite>
